<?xml version="1.0" encoding="UTF-8"?>
<testng-results ignored="0" total="1" passed="1" failed="0" skipped="0">
  <reporter-output>
  </reporter-output>
  <suite started-at="2022-11-29T15:31:36 IST" name="Default suite" finished-at="2022-11-29T15:31:37 IST" duration-ms="1605">
    <groups>
    </groups>
    <test started-at="2022-11-29T15:31:36 IST" name="Default test" finished-at="2022-11-29T15:31:37 IST" duration-ms="1605">
      <class name="CRUDwithBDD.GettingProjectTest">
        <test-method signature="gettingProject()[pri:0, instance:CRUDwithBDD.GettingProjectTest@15bbf42f]" started-at="2022-11-29T15:31:36 IST" name="gettingProject" finished-at="2022-11-29T15:31:37 IST" duration-ms="1576" status="PASS">
          <reporter-output>
          </reporter-output>
        </test-method> <!-- gettingProject -->
      </class> <!-- CRUDwithBDD.GettingProjectTest -->
    </test> <!-- Default test -->
  </suite> <!-- Default suite -->
</testng-results>
